\BOOKMARK [0][-]{chapter.1}{Types of constraints on attack rates }{}% 1
\BOOKMARK [1][-]{section.1.1}{Evolutionary suicide induced by resource overexploitation}{chapter.1}% 2
\BOOKMARK [1][-]{section.1.2}{Are attack rates constrained? }{chapter.1}% 3
\BOOKMARK [1][-]{section.1.3}{Potential mechanisms for constraining attack rates}{chapter.1}% 4
\BOOKMARK [2][-]{subsection.1.3.1}{Foraging behaviour, prey density and prey switching }{section.1.3}% 5
\BOOKMARK [2][-]{subsection.1.3.2}{Predator-prey arms race }{section.1.3}% 6
\BOOKMARK [2][-]{subsection.1.3.3}{Genetic trade-offs resulting from pleiotropy and epistasis }{section.1.3}% 7
\BOOKMARK [2][-]{subsection.1.3.4}{Physiological constraints }{section.1.3}% 8
\BOOKMARK [2][-]{subsection.1.3.5}{Dispersal between patches and the \215rescue effect\216 }{section.1.3}% 9
\BOOKMARK [2][-]{subsection.1.3.6}{Complex food-webs \040}{section.1.3}% 10
\BOOKMARK [2][-]{subsection.1.3.7}{Altruism }{section.1.3}% 11
\BOOKMARK [2][-]{subsection.1.3.8}{Mutational load }{section.1.3}% 12
\BOOKMARK [1][-]{section.1.4}{Summary}{chapter.1}% 13
\BOOKMARK [1][-]{section.1.5}{Conclusion }{chapter.1}% 14
\BOOKMARK [2][-]{subsection.1.5.1}{Part I: Co-evolution of consumers and resources in a simplified meta-community using a bi-partite food-web assembly simulation }{section.1.5}% 15
\BOOKMARK [2][-]{subsection.1.5.2}{Part 2: Spatially explicit meta-community model}{section.1.5}% 16
\BOOKMARK [0][-]{chapter.2}{Deconstruction of a food-web assembly model }{}% 17
\BOOKMARK [1][-]{section.2.1}{Introduction}{chapter.2}% 18
\BOOKMARK [2][-]{subsection.2.1.1}{The evolution of base attack rates in a bi-partite Lotka-Volterra food-web assembly model }{section.2.1}% 19
\BOOKMARK [2][-]{subsection.2.1.2}{Sampling of new species}{section.2.1}% 20
\BOOKMARK [2][-]{subsection.2.1.3}{Macroscopic features of the community assembly model}{section.2.1}% 21
\BOOKMARK [2][-]{subsection.2.1.4}{The curse of complexity}{section.2.1}% 22
\BOOKMARK [1][-]{section.2.2}{The deconstructed food-web model}{chapter.2}% 23
\BOOKMARK [2][-]{subsection.2.2.1}{The deconstructed assembly algorithm}{section.2.2}% 24
\BOOKMARK [2][-]{subsection.2.2.2}{Comparison of macroscopic features of full and deconstructed community models}{section.2.2}% 25
\BOOKMARK [2][-]{subsection.2.2.3}{Invasibility criterion}{section.2.2}% 26
\BOOKMARK [2][-]{subsection.2.2.4}{Resource Overexploitation}{section.2.2}% 27
\BOOKMARK [2][-]{subsection.2.2.5}{Serial extinctions}{section.2.2}% 28
\BOOKMARK [2][-]{subsection.2.2.6}{Exploitative competition}{section.2.2}% 29
\BOOKMARK [2][-]{subsection.2.2.7}{Phyrric competition}{section.2.2}% 30
\BOOKMARK [2][-]{subsection.2.2.8}{Conclusion}{section.2.2}% 31
\BOOKMARK [0][-]{chapter.3}{Ecological mechanisms constraining attack rates via the "live-fast die-young" trade-off }{}% 32
\BOOKMARK [1][-]{section.3.1}{Introduction}{chapter.3}% 33
\BOOKMARK [1][-]{section.3.2}{Analysis of the Deconstructed Community Assembly Model}{chapter.3}% 34
\BOOKMARK [2][-]{subsection.3.2.1}{Evolutionary forces}{section.3.2}% 35
\BOOKMARK [2][-]{subsection.3.2.2}{The Price equation}{section.3.2}% 36
\BOOKMARK [2][-]{subsection.3.2.3}{Defining and validating fitness}{section.3.2}% 37
\BOOKMARK [2][-]{subsection.3.2.4}{Mechanisms determining b\(a\) }{section.3.2}% 38
\BOOKMARK [2][-]{subsection.3.2.5}{Mechanisms determining consumer lifetime }{section.3.2}% 39
\BOOKMARK [1][-]{section.3.3}{Conclusion}{chapter.3}% 40
\BOOKMARK [0][-]{chapter.4}{Robustness of the "live-fast die-young" trade-off in a metapopulation model. }{}% 41
\BOOKMARK [1][-]{section.4.1}{Introduction}{chapter.4}% 42
\BOOKMARK [1][-]{section.4.2}{General algorithm for the metapopulation model}{chapter.4}% 43
\BOOKMARK [2][-]{subsection.4.2.1}{Assumptions regarding the simplified metapopulation model}{section.4.2}% 44
\BOOKMARK [1][-]{section.4.3}{Definition of the invasion probability, hazard rate and dispersal rate}{chapter.4}% 45
\BOOKMARK [2][-]{subsection.4.3.1}{Sampling new mutant aij values}{section.4.3}% 46
\BOOKMARK [2][-]{subsection.4.3.2}{Hazard}{section.4.3}% 47
\BOOKMARK [1][-]{section.4.4}{Results}{chapter.4}% 48
\BOOKMARK [1][-]{section.4.5}{Conclusion}{chapter.4}% 49
\BOOKMARK [0][-]{chapter.5}{Empirical signatures of the live-fast die-young trade-off}{}% 50
\BOOKMARK [1][-]{section.5.1}{Introduction}{chapter.5}% 51
\BOOKMARK [1][-]{section.5.2}{\215A posteriori\216 signatures: The saturation of Hi}{chapter.5}% 52
\BOOKMARK [1][-]{section.5.3}{Signatures of the \215live-fast die-young\216 trade-off }{chapter.5}% 53
\BOOKMARK [1][-]{section.5.4}{Boom-bust species invasions}{chapter.5}% 54
\BOOKMARK [2][-]{subsection.5.4.1}{Boom-bust and exploitative competition}{section.5.4}% 55
\BOOKMARK [2][-]{subsection.5.4.2}{Boom-bust induced by negative feedback}{section.5.4}% 56
\BOOKMARK [2][-]{subsection.5.4.3}{Boom-bust induced by negative feedback and competitive exclusion }{section.5.4}% 57
\BOOKMARK [2][-]{subsection.5.4.4}{Conclusion }{section.5.4}% 58
\BOOKMARK [1][-]{chapter*.46}{References}{chapter.5}% 59
